c:\users\nathan\desktop\aiebootstrap\temp\project2d\debug\vc140.pdb
c:\users\nathan\desktop\aiebootstrap\temp\project2d\debug\vc140.idb
c:\users\nathan\desktop\aiebootstrap\temp\project2d\debug\application2d.obj
c:\users\nathan\desktop\aiebootstrap\temp\project2d\debug\arm.obj
c:\users\nathan\desktop\aiebootstrap\temp\project2d\debug\block.obj
c:\users\nathan\desktop\aiebootstrap\temp\project2d\debug\collisionmanager.obj
c:\users\nathan\desktop\aiebootstrap\temp\project2d\debug\entity.obj
c:\users\nathan\desktop\aiebootstrap\temp\project2d\debug\environment.obj
c:\users\nathan\desktop\aiebootstrap\temp\project2d\debug\main.obj
c:\users\nathan\desktop\aiebootstrap\temp\project2d\debug\orbit.obj
c:\users\nathan\desktop\aiebootstrap\temp\project2d\debug\player.obj
c:\users\nathan\desktop\aiebootstrap\temp\project2d\debug\project2d.ilk
c:\users\nathan\desktop\aiebootstrap\temp\project2d\debug\project2d.exe
c:\users\nathan\desktop\aiebootstrap\temp\project2d\debug\project2d.pdb
c:\users\nathan\desktop\aiebootstrap\temp\project2d\debug\project2d.tlog\cl.command.1.tlog
c:\users\nathan\desktop\aiebootstrap\temp\project2d\debug\project2d.tlog\cl.read.1.tlog
c:\users\nathan\desktop\aiebootstrap\temp\project2d\debug\project2d.tlog\cl.write.1.tlog
c:\users\nathan\desktop\aiebootstrap\temp\project2d\debug\project2d.tlog\link.command.1.tlog
c:\users\nathan\desktop\aiebootstrap\temp\project2d\debug\project2d.tlog\link.read.1.tlog
c:\users\nathan\desktop\aiebootstrap\temp\project2d\debug\project2d.tlog\link.write.1.tlog
